<?xml version="1.0" encoding="UTF-8"?>
<testsuite xmlns:xsi="http://www.w3.org/2001/XMLSchema-instance" xsi:noNamespaceSchemaLocation="https://maven.apache.org/surefire/maven-surefire-plugin/xsd/surefire-test-report-3.0.xsd" version="3.0" name="TestSuite" time="42.941" tests="1" errors="0" skipped="0" failures="1">
  <properties>
[...]
</properties>
  <testcase name="User_Login_With_Correct_User_Correct_Password" classname="tests.Order" time="19.167">
    <failure message="element click intercepted: Element &lt;input name=&quot;ctl00$cphContentBody$ctl01$loginControl$UserName&quot; type=&quot;text&quot; id=&quot;UserName&quot; tabindex=&quot;1&quot; class=&quot;checkout-res-input-form-control validate-name&quot; autocomplete=&quot;Off&quot; spellcheck=&quot;false&quot; autocorrect=&quot;off&quot; autocapitalize=&quot;off&quot; data-empty=&quot;true&quot;&gt; is not clickable at point (900, 251). Other element would receive the click: &lt;label for=&quot;UserName&quot;&gt;...&lt;/label&gt;&#10;  (Session info: chrome=87.0.4280.141)&#10;Build info: version: &apos;3.141.59&apos;, revision: &apos;e82be7d358&apos;, time: &apos;2018-11-14T08:17:03&apos;&#10;System info: host: &apos;SUPERMEAL&apos;, ip: &apos;192.168.1.25&apos;, os.name: &apos;Windows 10&apos;, os.arch: &apos;amd64&apos;, os.version: &apos;10.0&apos;, java.version: &apos;1.8.0_271&apos;&#10;Driver info: org.openqa.selenium.chrome.ChromeDriver&#10;Capabilities {acceptInsecureCerts: false, browserName: chrome, browserVersion: 87.0.4280.141, chrome: {chromedriverVersion: 87.0.4280.88 (89e2380a3e36c..., userDataDir: C:\Users\MUHAMM~1\AppData\L...}, goog:chromeOptions: {debuggerAddress: localhost:52471}, javascriptEnabled: true, networkConnectionEnabled: false, pageLoadStrategy: normal, platform: WINDOWS, platformName: WINDOWS, proxy: Proxy(), setWindowRect: true, strictFileInteractability: false, timeouts: {implicit: 0, pageLoad: 300000, script: 30000}, unhandledPromptBehavior: dismiss and notify, webauthn:virtualAuthenticators: true}&#10;Session ID: aa84853b3ea53b7c9bb88aa5f0cca50a" type="org.openqa.selenium.ElementClickInterceptedException"><![CDATA[org.openqa.selenium.ElementClickInterceptedException: 
element click intercepted: Element <input name="ctl00$cphContentBody$ctl01$loginControl$UserName" type="text" id="UserName" tabindex="1" class="checkout-res-input-form-control validate-name" autocomplete="Off" spellcheck="false" autocorrect="off" autocapitalize="off" data-empty="true"> is not clickable at point (900, 251). Other element would receive the click: <label for="UserName">...</label>
  (Session info: chrome=87.0.4280.141)
Build info: version: '3.141.59', revision: 'e82be7d358', time: '2018-11-14T08:17:03'
System info: host: 'SUPERMEAL', ip: '192.168.1.25', os.name: 'Windows 10', os.arch: 'amd64', os.version: '10.0', java.version: '1.8.0_271'
Driver info: org.openqa.selenium.chrome.ChromeDriver
Capabilities {acceptInsecureCerts: false, browserName: chrome, browserVersion: 87.0.4280.141, chrome: {chromedriverVersion: 87.0.4280.88 (89e2380a3e36c..., userDataDir: C:\Users\MUHAMM~1\AppData\L...}, goog:chromeOptions: {debuggerAddress: localhost:52471}, javascriptEnabled: true, networkConnectionEnabled: false, pageLoadStrategy: normal, platform: WINDOWS, platformName: WINDOWS, proxy: Proxy(), setWindowRect: true, strictFileInteractability: false, timeouts: {implicit: 0, pageLoad: 300000, script: 30000}, unhandledPromptBehavior: dismiss and notify, webauthn:virtualAuthenticators: true}
Session ID: aa84853b3ea53b7c9bb88aa5f0cca50a
	at tests.Order.User_Login_With_Correct_User_Correct_Password(Order.java:24)
]]></failure>
    <system-out><![CDATA[11:38:56.804 [main] DEBUG io.github.bonigarcia.wdm.cache.ResolutionCache - Resolution chrome=87 in cache (valid until 12:37:19 25/01/2021 PKT)
11:38:56.809 [main] DEBUG io.github.bonigarcia.wdm.cache.ResolutionCache - Resolution chrome87=87.0.4280.88 in cache (valid until 10:25:23 26/01/2021 PKT)
11:38:56.809 [main] INFO io.github.bonigarcia.wdm.WebDriverManager - Using chromedriver 87.0.4280.88 (resolved driver for Chrome 87)
11:38:56.829 [main] DEBUG io.github.bonigarcia.wdm.WebDriverManager - Driver chromedriver 87.0.4280.88 found in cache
11:38:56.830 [main] INFO io.github.bonigarcia.wdm.WebDriverManager - Exporting webdriver.chrome.driver as C:\Users\Muhammad Ali\.cache\selenium\chromedriver\win32\87.0.4280.88\chromedriver.exe
beforeClassSetup
Mon Jan 25 11:39:02 PKT 2021 WARNING https://staging.supermeal.ae/assets/javascript/jquery.min.js?ver=1529 1 Synchronous XMLHttpRequest on the main thread is deprecated because of its detrimental effects to the end user's experience. For more help, check https://xhr.spec.whatwg.org/.
Order Started
]]></system-out>
    <system-err><![CDATA[Starting ChromeDriver 87.0.4280.88 (89e2380a3e36c3464b5dd1302349b1382549290d-refs/branch-heads/4280@{#1761}) on port 12396
Only local connections are allowed.
Please see https://chromedriver.chromium.org/security-considerations for suggestions on keeping ChromeDriver safe.
ChromeDriver was started successfully.
Jan 25, 2021 11:39:00 AM org.openqa.selenium.remote.ProtocolHandshake createSession
INFO: Detected dialect: W3C
java.io.FileNotFoundException: File does not exist: D:\GITLAB\AUTOMATION\coreplateform-automation\test-output
	at org.apache.commons.io.FileUtils.forceDelete(FileUtils.java:1430)
	at helper.ExtentFactory.getInstance(ExtentFactory.java:20)
	at helper.Supertest.beforeClassSetup(Supertest.java:77)
	at sun.reflect.NativeMethodAccessorImpl.invoke0(Native Method)
	at sun.reflect.NativeMethodAccessorImpl.invoke(NativeMethodAccessorImpl.java:62)
	at sun.reflect.DelegatingMethodAccessorImpl.invoke(DelegatingMethodAccessorImpl.java:43)
	at java.lang.reflect.Method.invoke(Method.java:498)
	at org.testng.internal.MethodInvocationHelper.invokeMethod(MethodInvocationHelper.java:134)
	at org.testng.internal.MethodInvocationHelper.invokeMethodConsideringTimeout(MethodInvocationHelper.java:63)
	at org.testng.internal.ConfigInvoker.invokeConfigurationMethod(ConfigInvoker.java:348)
	at org.testng.internal.ConfigInvoker.invokeConfigurations(ConfigInvoker.java:302)
	at org.testng.internal.TestMethodWorker.invokeBeforeClassMethods(TestMethodWorker.java:176)
	at org.testng.internal.TestMethodWorker.run(TestMethodWorker.java:122)
	at java.util.ArrayList.forEach(ArrayList.java:1259)
	at org.testng.TestRunner.privateRun(TestRunner.java:766)
	at org.testng.TestRunner.run(TestRunner.java:587)
	at org.testng.SuiteRunner.runTest(SuiteRunner.java:384)
	at org.testng.SuiteRunner.runSequentially(SuiteRunner.java:378)
	at org.testng.SuiteRunner.privateRun(SuiteRunner.java:337)
	at org.testng.SuiteRunner.run(SuiteRunner.java:286)
	at org.testng.SuiteRunnerWorker.runSuite(SuiteRunnerWorker.java:53)
	at org.testng.SuiteRunnerWorker.run(SuiteRunnerWorker.java:96)
	at org.testng.TestNG.runSuitesSequentially(TestNG.java:1187)
	at org.testng.TestNG.runSuitesLocally(TestNG.java:1109)
	at org.testng.TestNG.runSuites(TestNG.java:1039)
	at org.testng.TestNG.run(TestNG.java:1007)
	at org.apache.maven.surefire.testng.TestNGExecutor.run(TestNGExecutor.java:284)
	at org.apache.maven.surefire.testng.TestNGXmlTestSuite.execute(TestNGXmlTestSuite.java:75)
	at org.apache.maven.surefire.testng.TestNGProvider.invoke(TestNGProvider.java:119)
	at org.apache.maven.surefire.booter.ForkedBooter.runSuitesInProcess(ForkedBooter.java:428)
	at org.apache.maven.surefire.booter.ForkedBooter.execute(ForkedBooter.java:162)
	at org.apache.maven.surefire.booter.ForkedBooter.run(ForkedBooter.java:562)
	at org.apache.maven.surefire.booter.ForkedBooter.main(ForkedBooter.java:548)
Jan 25, 2021 11:39:12 AM com.relevantcodes.extentreports.ExtentReports loadConfig
WARNING: Unable to perform report configuration. The file D:\GITLAB\AUTOMATION\coreplateform-automationextent-config.xml was not found.
]]></system-err>
  </testcase>
</testsuite>